<?xml version="1.0" encoding="UTF-8"?>
<testng-results ignored="0" total="1" passed="1" failed="0" skipped="0">
  <reporter-output>
  </reporter-output>
  <suite started-at="2024-02-28T11:29:23 IST" name="Suite" finished-at="2024-02-28T11:29:26 IST" duration-ms="3064">
    <groups>
    </groups>
    <test started-at="2024-02-28T11:29:23 IST" name="Test" finished-at="2024-02-28T11:29:26 IST" duration-ms="3064">
      <class name="TestNG.Axis.InvokeChrome">
        <test-method signature="InvokeChrome()[pri:0, instance:TestNG.Axis.InvokeChrome@1aa7ecca]" started-at="2024-02-28T11:29:23 IST" name="InvokeChrome" finished-at="2024-02-28T11:29:26 IST" duration-ms="3011" status="PASS">
          <reporter-output>
          </reporter-output>
        </test-method> <!-- InvokeChrome -->
      </class> <!-- TestNG.Axis.InvokeChrome -->
    </test> <!-- Test -->
  </suite> <!-- Suite -->
</testng-results>
